<?xml version="1.0" encoding="UTF-8"?>
<!-- Generated by org.testng.reporters.JUnitXMLReporter -->
<testsuite hostname="namet5" ignored="24" name="Regression suite for order creation and payment =1" tests="32" failures="0" timestamp="29 Oct 2018 11:49:42 GMT" time="52.91" errors="0">
  <testcase name="@BeforeTest login" time="52.52" classname="com.torenzo.qa.base.Loginapp">
    <failure type="org.openqa.selenium.NoSuchElementException" message="An element could not be located on the page using the given search parameters. (WARNING: The server did not provide any stacktrace information)
Command duration or timeout: 27.14 seconds
For documentation on this error, please visit: http://seleniumhq.org/exceptions/no_such_element.html
Build info: version: &amp;apos;3.3.1&amp;apos;, revision: &amp;apos;5234b325d5&amp;apos;, time: &amp;apos;2017-03-10 09:10:29 +0000&amp;apos;
System info: host: &amp;apos;NAMET5&amp;apos;, ip: &amp;apos;192.168.56.1&amp;apos;, os.name: &amp;apos;Windows 7&amp;apos;, os.arch: &amp;apos;amd64&amp;apos;, os.version: &amp;apos;6.1&amp;apos;, java.version: &amp;apos;1.8.0_171&amp;apos;
Driver info: io.appium.java_client.AppiumDriver
Capabilities [{appPackage=com.torenzo.torenzocafe, networkConnectionEnabled=true, warnings={}, databaseEnabled=false, deviceName=192.168.208.101:5555, platform=LINUX, appActivity=com.torenzo.torenzopos.StartScreenActivity, desired={appPackage=com.torenzo.torenzocafe, appActivity=com.torenzo.torenzopos.StartScreenActivity, newCommandTimeout=150, platformVersion=6.0, platformName=Android, udid=192.168.208.101:5555, deviceName=Honor}, newCommandTimeout=150, platformVersion=6.0, webStorageEnabled=false, locationContextEnabled=false, browserName=Android, takesScreenshot=true, javascriptEnabled=true, platformName=Android, udid=192.168.208.101:5555}]
Session ID: f7f14bd8-0274-45f1-8861-d68cf2793ca2
*** Element info: {Using=id, value=clock_in}">
      <![CDATA[org.openqa.selenium.NoSuchElementException: An element could not be located on the page using the given search parameters. (WARNING: The server did not provide any stacktrace information)
Command duration or timeout: 27.14 seconds
For documentation on this error, please visit: http://seleniumhq.org/exceptions/no_such_element.html
Build info: version: '3.3.1', revision: '5234b325d5', time: '2017-03-10 09:10:29 +0000'
System info: host: 'NAMET5', ip: '192.168.56.1', os.name: 'Windows 7', os.arch: 'amd64', os.version: '6.1', java.version: '1.8.0_171'
Driver info: io.appium.java_client.AppiumDriver
Capabilities [{appPackage=com.torenzo.torenzocafe, networkConnectionEnabled=true, warnings={}, databaseEnabled=false, deviceName=192.168.208.101:5555, platform=LINUX, appActivity=com.torenzo.torenzopos.StartScreenActivity, desired={appPackage=com.torenzo.torenzocafe, appActivity=com.torenzo.torenzopos.StartScreenActivity, newCommandTimeout=150, platformVersion=6.0, platformName=Android, udid=192.168.208.101:5555, deviceName=Honor}, newCommandTimeout=150, platformVersion=6.0, webStorageEnabled=false, locationContextEnabled=false, browserName=Android, takesScreenshot=true, javascriptEnabled=true, platformName=Android, udid=192.168.208.101:5555}]
Session ID: f7f14bd8-0274-45f1-8861-d68cf2793ca2
*** Element info: {Using=id, value=clock_in}
at org.openqa.selenium.remote.ErrorHandler.createThrowable(ErrorHandler.java:216)
at org.openqa.selenium.remote.ErrorHandler.throwIfResponseFailed(ErrorHandler.java:168)
at org.openqa.selenium.remote.RemoteWebDriver.execute(RemoteWebDriver.java:638)
at io.appium.java_client.DefaultGenericMobileDriver.execute(DefaultGenericMobileDriver.java:42)
at io.appium.java_client.AppiumDriver.execute(AppiumDriver.java:1)
at org.openqa.selenium.remote.RemoteWebDriver.findElement(RemoteWebDriver.java:371)
at io.appium.java_client.DefaultGenericMobileDriver.findElement(DefaultGenericMobileDriver.java:62)
at io.appium.java_client.AppiumDriver.findElement(AppiumDriver.java:1)
at org.openqa.selenium.remote.RemoteWebDriver.findElementById(RemoteWebDriver.java:420)
at io.appium.java_client.DefaultGenericMobileDriver.findElementById(DefaultGenericMobileDriver.java:70)
at io.appium.java_client.AppiumDriver.findElementById(AppiumDriver.java:1)
at org.openqa.selenium.By$ById.findElement(By.java:218)
at org.openqa.selenium.remote.RemoteWebDriver.findElement(RemoteWebDriver.java:363)
at io.appium.java_client.DefaultGenericMobileDriver.findElement(DefaultGenericMobileDriver.java:58)
at io.appium.java_client.AppiumDriver.findElement(AppiumDriver.java:1)
at com.torenzo.qa.base.Loginapp.login(Loginapp.java:123)
... Removed 28 stack frames]]>
    </failure>
  </testcase> <!-- @BeforeTest login -->
  <testcase name="@BeforeClass permission" time="0.0" classname="com.torenzo.qa.base.Loginapp">
    <skipped/>
  </testcase> <!-- @BeforeClass permission -->
  <testcase name="@BeforeClass permission" time="0.0" classname="com.torenzo.qa.base.Loginapp">
    <skipped/>
  </testcase> <!-- @BeforeClass permission -->
  <testcase name="@BeforeClass permission" time="0.0" classname="com.torenzo.qa.base.Loginapp">
    <skipped/>
  </testcase> <!-- @BeforeClass permission -->
  <testcase name="@BeforeClass permission" time="0.0" classname="com.torenzo.qa.base.Loginapp">
    <skipped/>
  </testcase> <!-- @BeforeClass permission -->
  <testcase name="@BeforeClass permission" time="0.0" classname="com.torenzo.qa.base.Loginapp">
    <skipped/>
  </testcase> <!-- @BeforeClass permission -->
  <testcase name="@BeforeClass permission" time="0.0" classname="com.torenzo.qa.base.Loginapp">
    <skipped/>
  </testcase> <!-- @BeforeClass permission -->
  <testcase name="@BeforeClass permission" time="0.0" classname="com.torenzo.qa.base.Loginapp">
    <skipped/>
  </testcase> <!-- @BeforeClass permission -->
  <testcase name="@BeforeClass permission" time="0.0" classname="com.torenzo.qa.base.Loginapp">
    <skipped/>
  </testcase> <!-- @BeforeClass permission -->
  <testcase name="@BeforeClass permission" time="0.0" classname="com.torenzo.qa.base.Loginapp">
    <skipped/>
  </testcase> <!-- @BeforeClass permission -->
  <testcase name="@BeforeClass permission" time="0.0" classname="com.torenzo.qa.base.Loginapp">
    <skipped/>
  </testcase> <!-- @BeforeClass permission -->
  <testcase name="@BeforeClass permission" time="0.0" classname="com.torenzo.qa.base.Loginapp">
    <skipped/>
  </testcase> <!-- @BeforeClass permission -->
  <testcase name="@BeforeClass permission" time="0.0" classname="com.torenzo.qa.base.Loginapp">
    <skipped/>
  </testcase> <!-- @BeforeClass permission -->
  <testcase name="@BeforeClass permission" time="0.0" classname="com.torenzo.qa.base.Loginapp">
    <skipped/>
  </testcase> <!-- @BeforeClass permission -->
  <testcase name="orderWithTable" time="0.0" classname="com.torenzo.qa.testcases.TableStructureOrderTest">
    <skipped/>
  </testcase> <!-- orderWithTable -->
  <testcase name="tableStrucuterVerify" time="0.0" classname="com.torenzo.qa.testcases.TableStructureOrderTest">
    <skipped/>
  </testcase> <!-- tableStrucuterVerify -->
  <testcase name="addguestandItem" time="0.0" classname="com.torenzo.qa.testcases.TableStructureOrderTest">
    <skipped/>
  </testcase> <!-- addguestandItem -->
  <testcase name="paymentorder" time="0.0" classname="com.torenzo.qa.testcases.TableStructureOrderTest">
    <skipped/>
  </testcase> <!-- paymentorder -->
  <testcase name="Allitem" time="0.0" classname="com.torenzo.qa.testcases.OrderTakeOutTest">
    <skipped/>
  </testcase> <!-- Allitem -->
  <testcase name="Payment" time="0.0" classname="com.torenzo.qa.testcases.OrderTakeOutTest">
    <skipped/>
  </testcase> <!-- Payment -->
  <testcase name="Takeoutorder" time="0.0" classname="com.torenzo.qa.testcases.SwipeAndDeleteItemTest">
    <skipped/>
  </testcase> <!-- Takeoutorder -->
  <testcase name="TakeoutOrder" time="0.0" classname="com.torenzo.qa.testcases.SplitReceiptMultipleOptionsTest">
    <skipped/>
  </testcase> <!-- TakeoutOrder -->
  <testcase name="payment" time="0.0" classname="com.torenzo.qa.testcases.SplitReceiptMultipleOptionsTest">
    <skipped/>
  </testcase> <!-- payment -->
  <testcase name="orderCreate" time="0.0" classname="com.torenzo.qa.testcases.SplitReceiptSingleOptionTest">
    <skipped/>
  </testcase> <!-- orderCreate -->
  <testcase name="payment" time="0.0" classname="com.torenzo.qa.testcases.SplitReceiptSingleOptionTest">
    <skipped/>
  </testcase> <!-- payment -->
  <testcase name="TakeoutOrder" time="0.0" classname="com.torenzo.qa.testcases.AddMultipleItemTest">
    <skipped/>
  </testcase> <!-- TakeoutOrder -->
  <testcase name="swapitem" time="0.0" classname="com.torenzo.qa.testcases.SwappingItemTest">
    <skipped/>
  </testcase> <!-- swapitem -->
  <testcase name="modifyorder" time="0.0" classname="com.torenzo.qa.testcases.ItemModificationTest">
    <skipped/>
  </testcase> <!-- modifyorder -->
  <testcase name="reOrder" time="0.0" classname="com.torenzo.qa.testcases.ItemModificationTest">
    <skipped/>
  </testcase> <!-- reOrder -->
  <testcase name="modifier" time="0.0" classname="com.torenzo.qa.testcases.ItemModificationTest">
    <skipped/>
  </testcase> <!-- modifier -->
  <testcase name="Discount" time="0.0" classname="com.torenzo.qa.testcases.ItemModificationTest">
    <skipped/>
  </testcase> <!-- Discount -->
  <testcase name="Quantity" time="0.0" classname="com.torenzo.qa.testcases.ItemModificationTest">
    <skipped/>
  </testcase> <!-- Quantity -->
  <testcase name="delete" time="0.0" classname="com.torenzo.qa.testcases.ItemModificationTest">
    <skipped/>
  </testcase> <!-- delete -->
  <testcase name="OrderCreateAndLoadTest" time="0.0" classname="com.torenzo.qa.testcases.VerifyOrderInSuspendedList">
    <skipped/>
  </testcase> <!-- OrderCreateAndLoadTest -->
  <testcase name="loadOrderFromSuspendedListTest" time="0.0" classname="com.torenzo.qa.testcases.VerifyOrderInSuspendedList">
    <skipped/>
  </testcase> <!-- loadOrderFromSuspendedListTest -->
  <testcase name="orderCreateAndDBtest" time="0.0" classname="com.torenzo.qa.testcases.VerifyOrderInTillTest">
    <skipped/>
  </testcase> <!-- orderCreateAndDBtest -->
  <testcase name="paymentAndDBtest" time="0.0" classname="com.torenzo.qa.testcases.VerifyOrderInTillTest">
    <skipped/>
  </testcase> <!-- paymentAndDBtest -->
  <testcase name="VerfyTillAndDBtest" time="0.0" classname="com.torenzo.qa.testcases.VerifyOrderInTillTest">
    <skipped/>
  </testcase> <!-- VerfyTillAndDBtest -->
  <testcase name="verifyTableViewIcon" time="0.0" classname="com.torenzo.qa.testcases.ReservationTest">
    <skipped/>
  </testcase> <!-- verifyTableViewIcon -->
  <testcase name="verifyReservation" time="0.0" classname="com.torenzo.qa.testcases.ReservationTest">
    <skipped/>
  </testcase> <!-- verifyReservation -->
  <testcase name="reservationTransfer" time="0.0" classname="com.torenzo.qa.testcases.ReservationTest">
    <skipped/>
  </testcase> <!-- reservationTransfer -->
  <testcase name="orderWithTable" time="0.0" classname="com.torenzo.qa.testcases.OrderCreateAndPayThroughSeated">
    <skipped/>
  </testcase> <!-- orderWithTable -->
  <testcase name="tableStrucuterVerify" time="0.0" classname="com.torenzo.qa.testcases.OrderCreateAndPayThroughSeated">
    <skipped/>
  </testcase> <!-- tableStrucuterVerify -->
  <testcase name="addguestandItem" time="0.0" classname="com.torenzo.qa.testcases.OrderCreateAndPayThroughSeated">
    <skipped/>
  </testcase> <!-- addguestandItem -->
  <testcase name="ordercreate" time="0.0" classname="com.torenzo.qa.testcases.ReportsTest">
    <skipped/>
  </testcase> <!-- ordercreate -->
  <testcase name="orderpaid" time="0.0" classname="com.torenzo.qa.testcases.ReportsTest">
    <skipped/>
  </testcase> <!-- orderpaid -->
  <testcase name="@BeforeSuite launch" time="0.0" classname="com.torenzo.qa.base.Loginapp">
    <ignored/>
  </testcase> <!-- @BeforeSuite launch -->
  <testcase name="@BeforeSuite launch" time="0.0" classname="com.torenzo.qa.base.Loginapp">
    <ignored/>
  </testcase> <!-- @BeforeSuite launch -->
  <testcase name="@BeforeSuite launch" time="0.0" classname="com.torenzo.qa.base.Loginapp">
    <ignored/>
  </testcase> <!-- @BeforeSuite launch -->
  <testcase name="@BeforeSuite launch" time="0.0" classname="com.torenzo.qa.base.Loginapp">
    <ignored/>
  </testcase> <!-- @BeforeSuite launch -->
  <testcase name="@BeforeSuite launch" time="0.0" classname="com.torenzo.qa.base.Loginapp">
    <ignored/>
  </testcase> <!-- @BeforeSuite launch -->
  <testcase name="@BeforeSuite launch" time="0.0" classname="com.torenzo.qa.base.Loginapp">
    <ignored/>
  </testcase> <!-- @BeforeSuite launch -->
  <testcase name="@BeforeSuite launch" time="0.0" classname="com.torenzo.qa.base.Loginapp">
    <ignored/>
  </testcase> <!-- @BeforeSuite launch -->
  <testcase name="@BeforeSuite launch" time="0.0" classname="com.torenzo.qa.base.Loginapp">
    <ignored/>
  </testcase> <!-- @BeforeSuite launch -->
  <testcase name="@BeforeSuite launch" time="0.0" classname="com.torenzo.qa.base.Loginapp">
    <ignored/>
  </testcase> <!-- @BeforeSuite launch -->
  <testcase name="@BeforeSuite launch" time="0.0" classname="com.torenzo.qa.base.Loginapp">
    <ignored/>
  </testcase> <!-- @BeforeSuite launch -->
  <testcase name="@BeforeSuite launch" time="0.0" classname="com.torenzo.qa.base.Loginapp">
    <ignored/>
  </testcase> <!-- @BeforeSuite launch -->
  <testcase name="@BeforeSuite launch" time="0.0" classname="com.torenzo.qa.base.Loginapp">
    <ignored/>
  </testcase> <!-- @BeforeSuite launch -->
  <testcase name="@BeforeTest login" time="0.0" classname="com.torenzo.qa.base.Loginapp">
    <ignored/>
  </testcase> <!-- @BeforeTest login -->
  <testcase name="@BeforeTest login" time="0.0" classname="com.torenzo.qa.base.Loginapp">
    <ignored/>
  </testcase> <!-- @BeforeTest login -->
  <testcase name="@BeforeTest login" time="0.0" classname="com.torenzo.qa.base.Loginapp">
    <ignored/>
  </testcase> <!-- @BeforeTest login -->
  <testcase name="@BeforeTest login" time="0.0" classname="com.torenzo.qa.base.Loginapp">
    <ignored/>
  </testcase> <!-- @BeforeTest login -->
  <testcase name="@BeforeTest login" time="0.0" classname="com.torenzo.qa.base.Loginapp">
    <ignored/>
  </testcase> <!-- @BeforeTest login -->
  <testcase name="@BeforeTest login" time="0.0" classname="com.torenzo.qa.base.Loginapp">
    <ignored/>
  </testcase> <!-- @BeforeTest login -->
  <testcase name="@BeforeTest login" time="0.0" classname="com.torenzo.qa.base.Loginapp">
    <ignored/>
  </testcase> <!-- @BeforeTest login -->
  <testcase name="@BeforeTest login" time="0.0" classname="com.torenzo.qa.base.Loginapp">
    <ignored/>
  </testcase> <!-- @BeforeTest login -->
  <testcase name="@BeforeTest login" time="0.0" classname="com.torenzo.qa.base.Loginapp">
    <ignored/>
  </testcase> <!-- @BeforeTest login -->
  <testcase name="@BeforeTest login" time="0.0" classname="com.torenzo.qa.base.Loginapp">
    <ignored/>
  </testcase> <!-- @BeforeTest login -->
  <testcase name="@BeforeTest login" time="0.0" classname="com.torenzo.qa.base.Loginapp">
    <ignored/>
  </testcase> <!-- @BeforeTest login -->
  <testcase name="@BeforeTest login" time="0.0" classname="com.torenzo.qa.base.Loginapp">
    <ignored/>
  </testcase> <!-- @BeforeTest login -->
</testsuite> <!-- Regression suite for order creation and payment =1 -->
